C:\USERS\MICHAEL\DOCUMENTS\VISUAL STUDIO 2012\PROJECTS\MONKEYLIGHTNING\T4EXAMPLECPP\X64\DEBUG\T4EXAMPLECPP.PCH
C:\USERS\MICHAEL\DOCUMENTS\VISUAL STUDIO 2012\PROJECTS\MONKEYLIGHTNING\T4EXAMPLECPP\X64\DEBUG\STDAFX.OBJ
C:\USERS\MICHAEL\DOCUMENTS\VISUAL STUDIO 2012\PROJECTS\MONKEYLIGHTNING\T4EXAMPLECPP\X64\DEBUG\VC110.PDB
C:\USERS\MICHAEL\DOCUMENTS\VISUAL STUDIO 2012\PROJECTS\MONKEYLIGHTNING\T4EXAMPLECPP\X64\DEBUG\T4EXAMPLECPP.OBJ
C:\USERS\MICHAEL\DOCUMENTS\VISUAL STUDIO 2012\PROJECTS\MONKEYLIGHTNING\T4EXAMPLECPP\X64\DEBUG\ASSEMBLYINFO.OBJ
C:\USERS\MICHAEL\DOCUMENTS\VISUAL STUDIO 2012\PROJECTS\MONKEYLIGHTNING\T4EXAMPLECPP\X64\DEBUG\.NETFRAMEWORK,VERSION=V4.5.ASSEMBLYATTRIBUTES.OBJ
C:\USERS\MICHAEL\DOCUMENTS\VISUAL STUDIO 2012\PROJECTS\MONKEYLIGHTNING\X64\DEBUG\T4EXAMPLECPP.ILK
C:\USERS\MICHAEL\DOCUMENTS\VISUAL STUDIO 2012\PROJECTS\MONKEYLIGHTNING\X64\DEBUG\T4EXAMPLECPP.EXE
C:\USERS\MICHAEL\DOCUMENTS\VISUAL STUDIO 2012\PROJECTS\MONKEYLIGHTNING\X64\DEBUG\T4EXAMPLECPP.PDB
C:\USERS\MICHAEL\DOCUMENTS\VISUAL STUDIO 2012\PROJECTS\MONKEYLIGHTNING\T4EXAMPLECPP\X64\DEBUG\APP.RES
C:\Users\Michael\Documents\Visual Studio 2012\Projects\MonkeyLightning\T4Examplecpp\x64\Debug\T4Examplecpp.frmMain.resources
C:\Users\Michael\Documents\Visual Studio 2012\Projects\MonkeyLightning\T4Examplecpp\x64\Debug\T4Examplecpp.vcxproj.GenerateResource.Cache
C:\Users\Michael\Documents\Visual Studio 2012\Projects\MonkeyLightning\T4Examplecpp\x64\Debug\T4Examplecpp.vcxprojResolveAssemblyReference.cache
C:\Users\Michael\Documents\Visual Studio 2012\Projects\MonkeyLightning\T4Examplecpp\x64\Debug\.NETFramework,Version=v4.5.AssemblyAttributes.obj
C:\Users\Michael\Documents\Visual Studio 2012\Projects\MonkeyLightning\T4Examplecpp\x64\Debug\AssemblyInfo.obj
C:\Users\Michael\Documents\Visual Studio 2012\Projects\MonkeyLightning\T4Examplecpp\x64\Debug\stdafx.obj
C:\Users\Michael\Documents\Visual Studio 2012\Projects\MonkeyLightning\T4Examplecpp\x64\Debug\T4Examplecpp.obj
C:\Users\Michael\Documents\Visual Studio 2012\Projects\MonkeyLightning\T4Examplecpp\x64\Debug\cl.command.1.tlog
C:\Users\Michael\Documents\Visual Studio 2012\Projects\MonkeyLightning\T4Examplecpp\x64\Debug\CL.read.1.tlog
C:\Users\Michael\Documents\Visual Studio 2012\Projects\MonkeyLightning\T4Examplecpp\x64\Debug\CL.write.1.tlog
C:\Users\Michael\Documents\Visual Studio 2012\Projects\MonkeyLightning\T4Examplecpp\x64\Debug\link.6184-cvtres.read.1.tlog
C:\Users\Michael\Documents\Visual Studio 2012\Projects\MonkeyLightning\T4Examplecpp\x64\Debug\link.6184-cvtres.write.1.tlog
C:\Users\Michael\Documents\Visual Studio 2012\Projects\MonkeyLightning\T4Examplecpp\x64\Debug\link.6184-rc.read.1.tlog
C:\Users\Michael\Documents\Visual Studio 2012\Projects\MonkeyLightning\T4Examplecpp\x64\Debug\link.6184-rc.write.1.tlog
C:\Users\Michael\Documents\Visual Studio 2012\Projects\MonkeyLightning\T4Examplecpp\x64\Debug\link.6184.read.1.tlog
C:\Users\Michael\Documents\Visual Studio 2012\Projects\MonkeyLightning\T4Examplecpp\x64\Debug\link.6184.write.1.tlog
C:\Users\Michael\Documents\Visual Studio 2012\Projects\MonkeyLightning\T4Examplecpp\x64\Debug\link.command.1.tlog
C:\Users\Michael\Documents\Visual Studio 2012\Projects\MonkeyLightning\T4Examplecpp\x64\Debug\link.read.1.tlog
C:\Users\Michael\Documents\Visual Studio 2012\Projects\MonkeyLightning\T4Examplecpp\x64\Debug\link.write.1.tlog
C:\Users\Michael\Documents\Visual Studio 2012\Projects\MonkeyLightning\T4Examplecpp\x64\Debug\metagen.read.1.tlog
C:\Users\Michael\Documents\Visual Studio 2012\Projects\MonkeyLightning\T4Examplecpp\x64\Debug\metagen.write.1.tlog
C:\Users\Michael\Documents\Visual Studio 2012\Projects\MonkeyLightning\T4Examplecpp\x64\Debug\rc.command.1.tlog
C:\Users\Michael\Documents\Visual Studio 2012\Projects\MonkeyLightning\T4Examplecpp\x64\Debug\rc.read.1.tlog
C:\Users\Michael\Documents\Visual Studio 2012\Projects\MonkeyLightning\T4Examplecpp\x64\Debug\rc.write.1.tlog
C:\Users\Michael\Documents\Visual Studio 2012\Projects\MonkeyLightning\T4Examplecpp\x64\Debug\T4Examplecpp.write.1.tlog
C:\Users\Michael\Documents\Visual Studio 2012\Projects\MonkeyLightning\T4Examplecpp\x64\Debug\app.res
C:\Users\Michael\Documents\Visual Studio 2012\Projects\MonkeyLightning\T4Examplecpp\x64\Debug\T4Examplecpp.pch
C:\Users\Michael\Documents\Visual Studio 2012\Projects\MonkeyLightning\T4Examplecpp\x64\Debug\vc110.pdb
C:\Users\Michael\Documents\Visual Studio 2012\Projects\MonkeyLightning\T4Examplecpp\x64\Debug\RSAENH.DLL.bi
C:\Users\Michael\Documents\Visual Studio 2012\Projects\MonkeyLightning\T4Examplecpp\x64\Debug\TZRES.DLL.bi
C:\Users\Michael\Documents\Visual Studio 2012\Projects\MonkeyLightning\x64\Debug\T4Examplecpp.pdb
C:\Users\Michael\Documents\Visual Studio 2012\Projects\MonkeyLightning\x64\Debug\T4Examplecpp.exe
C:\Users\Michael\Documents\Visual Studio 2012\Projects\MonkeyLightning\x64\Debug\T4Examplecpp.ilk
